<?xml version="1.0" encoding="UTF-8"?>
<testng-results ignored="2" total="5" passed="1" failed="2" skipped="0">
  <reporter-output>
  </reporter-output>
  <suite started-at="2023-04-28T00:39:11Z" name="Default suite" finished-at="2023-04-28T00:39:41Z" duration-ms="30134">
    <groups>
    </groups>
    <test started-at="2023-04-28T00:39:11Z" name="Default test" finished-at="2023-04-28T00:39:41Z" duration-ms="30134">
      <class name="tests.userMenuTest">
        <test-method is-config="true" signature="setup()[pri:0, instance:tests.userMenuTest@54f5f647]" started-at="2023-04-27T17:39:11Z" name="setup" finished-at="2023-04-27T17:39:11Z" duration-ms="81" status="PASS">
          <reporter-output>
          </reporter-output>
        </test-method> <!-- setup -->
        <test-method is-config="true" signature="setDriver(java.lang.reflect.Method)[pri:0, instance:tests.userMenuTest@54f5f647]" started-at="2023-04-27T17:39:11Z" name="setDriver" finished-at="2023-04-27T17:39:13Z" duration-ms="1723" status="PASS">
          <params>
            <param index="0">
              <value>
                <![CDATA[public void tests.userMenuTest.baseUserMenuPage() throws java.io.IOException]]>
              </value>
            </param>
          </params>
          <reporter-output>
          </reporter-output>
        </test-method> <!-- setDriver -->
        <test-method signature="baseUserMenuPage()[pri:0, instance:tests.userMenuTest@54f5f647]" started-at="2023-04-27T17:39:13Z" name="baseUserMenuPage" finished-at="2023-04-27T17:39:18Z" duration-ms="5477" status="PASS">
          <reporter-output>
          </reporter-output>
        </test-method> <!-- baseUserMenuPage -->
        <test-method is-config="true" signature="removeDriver()[pri:0, instance:tests.userMenuTest@54f5f647]" started-at="2023-04-27T17:39:18Z" name="removeDriver" finished-at="2023-04-27T17:39:18Z" duration-ms="87" status="PASS">
          <reporter-output>
          </reporter-output>
        </test-method> <!-- removeDriver -->
        <test-method is-config="true" signature="setDriver(java.lang.reflect.Method)[pri:0, instance:tests.userMenuTest@54f5f647]" started-at="2023-04-27T17:39:18Z" name="setDriver" finished-at="2023-04-27T17:39:19Z" duration-ms="870" status="PASS">
          <params>
            <param index="0">
              <value>
                <![CDATA[public void tests.userMenuTest.userMenu_TC06() throws java.lang.InterruptedException]]>
              </value>
            </param>
          </params>
          <reporter-output>
          </reporter-output>
        </test-method> <!-- setDriver -->
        <test-method signature="userMenu_TC06()[pri:0, instance:tests.userMenuTest@54f5f647]" started-at="2023-04-27T17:39:19Z" name="userMenu_TC06" finished-at="2023-04-27T17:39:29Z" duration-ms="10229" status="FAIL">
          <exception class="java.lang.AssertionError">
            <message>
              <![CDATA[My Profile page should be displayed expected [true] but found [false]]]>
            </message>
            <full-stacktrace>
              <![CDATA[java.lang.AssertionError: My Profile page should be displayed expected [true] but found [false]
	at org.testng.Assert.fail(Assert.java:93)
	at org.testng.Assert.failNotEquals(Assert.java:512)
	at org.testng.Assert.assertTrue(Assert.java:41)
	at tests.userMenuTest.userMenu_TC06(userMenuTest.java:47)
	at java.base/jdk.internal.reflect.NativeMethodAccessorImpl.invoke0(Native Method)
	at java.base/jdk.internal.reflect.NativeMethodAccessorImpl.invoke(NativeMethodAccessorImpl.java:77)
	at java.base/jdk.internal.reflect.DelegatingMethodAccessorImpl.invoke(DelegatingMethodAccessorImpl.java:43)
	at java.base/java.lang.reflect.Method.invoke(Method.java:568)
	at org.testng.internal.MethodInvocationHelper.invokeMethod(MethodInvocationHelper.java:108)
	at org.testng.internal.Invoker.invokeMethod(Invoker.java:661)
	at org.testng.internal.Invoker.invokeTestMethod(Invoker.java:869)
	at org.testng.internal.Invoker.invokeTestMethods(Invoker.java:1193)
	at org.testng.internal.TestMethodWorker.invokeTestMethods(TestMethodWorker.java:126)
	at org.testng.internal.TestMethodWorker.run(TestMethodWorker.java:109)
	at org.testng.TestRunner.privateRun(TestRunner.java:744)
	at org.testng.TestRunner.run(TestRunner.java:602)
	at org.testng.SuiteRunner.runTest(SuiteRunner.java:380)
	at org.testng.SuiteRunner.runSequentially(SuiteRunner.java:375)
	at org.testng.SuiteRunner.privateRun(SuiteRunner.java:340)
	at org.testng.SuiteRunner.run(SuiteRunner.java:289)
	at org.testng.SuiteRunnerWorker.runSuite(SuiteRunnerWorker.java:52)
	at org.testng.SuiteRunnerWorker.run(SuiteRunnerWorker.java:86)
	at org.testng.TestNG.runSuitesSequentially(TestNG.java:1301)
	at org.testng.TestNG.runSuitesLocally(TestNG.java:1226)
	at org.testng.TestNG.runSuites(TestNG.java:1144)
	at org.testng.TestNG.run(TestNG.java:1115)
	at org.testng.remote.AbstractRemoteTestNG.run(AbstractRemoteTestNG.java:115)
	at org.testng.remote.RemoteTestNG.initAndRun(RemoteTestNG.java:251)
	at org.testng.remote.RemoteTestNG.main(RemoteTestNG.java:77)
]]>
            </full-stacktrace>
          </exception> <!-- java.lang.AssertionError -->
          <reporter-output>
          </reporter-output>
        </test-method> <!-- userMenu_TC06 -->
        <test-method is-config="true" signature="removeDriver()[pri:0, instance:tests.userMenuTest@54f5f647]" started-at="2023-04-27T17:39:30Z" name="removeDriver" finished-at="2023-04-27T17:39:30Z" duration-ms="86" status="PASS">
          <reporter-output>
          </reporter-output>
        </test-method> <!-- removeDriver -->
        <test-method is-config="true" signature="setDriver(java.lang.reflect.Method)[pri:0, instance:tests.userMenuTest@54f5f647]" started-at="2023-04-27T17:39:30Z" name="setDriver" finished-at="2023-04-27T17:39:30Z" duration-ms="842" status="PASS">
          <params>
            <param index="0">
              <value>
                <![CDATA[public void tests.userMenuTest.userMenu_TC08() throws java.io.IOException,java.lang.InterruptedException]]>
              </value>
            </param>
          </params>
          <reporter-output>
          </reporter-output>
        </test-method> <!-- setDriver -->
        <test-method signature="userMenu_TC08()[pri:0, instance:tests.userMenuTest@54f5f647]" started-at="2023-04-27T17:39:30Z" name="userMenu_TC08" finished-at="2023-04-27T17:39:41Z" duration-ms="10214" status="FAIL">
          <exception class="java.lang.AssertionError">
            <message>
              <![CDATA[Developer console should be displayed expected [true] but found [false]]]>
            </message>
            <full-stacktrace>
              <![CDATA[java.lang.AssertionError: Developer console should be displayed expected [true] but found [false]
	at org.testng.Assert.fail(Assert.java:93)
	at org.testng.Assert.failNotEquals(Assert.java:512)
	at org.testng.Assert.assertTrue(Assert.java:41)
	at tests.userMenuTest.userMenu_TC08(userMenuTest.java:63)
	at java.base/jdk.internal.reflect.NativeMethodAccessorImpl.invoke0(Native Method)
	at java.base/jdk.internal.reflect.NativeMethodAccessorImpl.invoke(NativeMethodAccessorImpl.java:77)
	at java.base/jdk.internal.reflect.DelegatingMethodAccessorImpl.invoke(DelegatingMethodAccessorImpl.java:43)
	at java.base/java.lang.reflect.Method.invoke(Method.java:568)
	at org.testng.internal.MethodInvocationHelper.invokeMethod(MethodInvocationHelper.java:108)
	at org.testng.internal.Invoker.invokeMethod(Invoker.java:661)
	at org.testng.internal.Invoker.invokeTestMethod(Invoker.java:869)
	at org.testng.internal.Invoker.invokeTestMethods(Invoker.java:1193)
	at org.testng.internal.TestMethodWorker.invokeTestMethods(TestMethodWorker.java:126)
	at org.testng.internal.TestMethodWorker.run(TestMethodWorker.java:109)
	at org.testng.TestRunner.privateRun(TestRunner.java:744)
	at org.testng.TestRunner.run(TestRunner.java:602)
	at org.testng.SuiteRunner.runTest(SuiteRunner.java:380)
	at org.testng.SuiteRunner.runSequentially(SuiteRunner.java:375)
	at org.testng.SuiteRunner.privateRun(SuiteRunner.java:340)
	at org.testng.SuiteRunner.run(SuiteRunner.java:289)
	at org.testng.SuiteRunnerWorker.runSuite(SuiteRunnerWorker.java:52)
	at org.testng.SuiteRunnerWorker.run(SuiteRunnerWorker.java:86)
	at org.testng.TestNG.runSuitesSequentially(TestNG.java:1301)
	at org.testng.TestNG.runSuitesLocally(TestNG.java:1226)
	at org.testng.TestNG.runSuites(TestNG.java:1144)
	at org.testng.TestNG.run(TestNG.java:1115)
	at org.testng.remote.AbstractRemoteTestNG.run(AbstractRemoteTestNG.java:115)
	at org.testng.remote.RemoteTestNG.initAndRun(RemoteTestNG.java:251)
	at org.testng.remote.RemoteTestNG.main(RemoteTestNG.java:77)
]]>
            </full-stacktrace>
          </exception> <!-- java.lang.AssertionError -->
          <reporter-output>
          </reporter-output>
        </test-method> <!-- userMenu_TC08 -->
        <test-method is-config="true" signature="removeDriver()[pri:0, instance:tests.userMenuTest@54f5f647]" started-at="2023-04-27T17:39:41Z" name="removeDriver" finished-at="2023-04-27T17:39:41Z" duration-ms="79" status="PASS">
          <reporter-output>
          </reporter-output>
        </test-method> <!-- removeDriver -->
        <test-method is-config="true" signature="tearDown()[pri:0, instance:tests.userMenuTest@54f5f647]" started-at="2023-04-27T17:39:41Z" name="tearDown" finished-at="2023-04-27T17:39:41Z" duration-ms="214" status="PASS">
          <reporter-output>
          </reporter-output>
        </test-method> <!-- tearDown -->
      </class> <!-- tests.userMenuTest -->
    </test> <!-- Default test -->
  </suite> <!-- Default suite -->
</testng-results>
